  Bullet.cpp
  Enemy.cpp
c:\users\antha\documents\github\ambertowerdefense\ambertd\ambertd\enemy.cpp(10): warning C4244: 'return': conversion from 'double' to 'int', possible loss of data
c:\users\antha\documents\github\ambertowerdefense\ambertd\ambertd\enemy.cpp(17): warning C4244: 'argument': conversion from 'int' to 'float', possible loss of data
c:\users\antha\documents\github\ambertowerdefense\ambertd\ambertd\enemy.cpp(65): warning C4244: 'argument': conversion from 'const int' to 'float', possible loss of data
c:\users\antha\documents\github\ambertowerdefense\ambertd\ambertd\enemy.cpp(66): warning C4244: 'argument': conversion from 'const int' to 'float', possible loss of data
c:\users\antha\documents\github\ambertowerdefense\ambertd\ambertd\enemy.cpp(79): warning C4244: '-=': conversion from 'float' to 'int', possible loss of data
c:\users\antha\documents\github\ambertowerdefense\ambertd\ambertd\enemy.cpp(116): warning C4244: '-=': conversion from 'float' to 'int', possible loss of data
c:\users\antha\documents\github\ambertowerdefense\ambertd\ambertd\enemy.cpp(120): warning C4244: '-=': conversion from 'float' to 'int', possible loss of data
  GameMaster.cpp
c:\users\antha\documents\github\ambertowerdefense\ambertd\ambertd\gamemaster.cpp(7): warning C4018: '<': signed/unsigned mismatch
c:\users\antha\documents\github\ambertowerdefense\ambertd\ambertd\gamemaster.cpp(34): warning C4018: '<': signed/unsigned mismatch
c:\users\antha\documents\github\ambertowerdefense\ambertd\ambertd\gamemaster.cpp(42): warning C4018: '<': signed/unsigned mismatch
c:\users\antha\documents\github\ambertowerdefense\ambertd\ambertd\gamemaster.cpp(46): warning C4018: '<': signed/unsigned mismatch
c:\users\antha\documents\github\ambertowerdefense\ambertd\ambertd\gamemaster.cpp(50): warning C4018: '<': signed/unsigned mismatch
c:\users\antha\documents\github\ambertowerdefense\ambertd\ambertd\gamemaster.cpp(149): warning C4018: '<': signed/unsigned mismatch
c:\users\antha\documents\github\ambertowerdefense\ambertd\ambertd\gamemaster.cpp(152): warning C4244: 'argument': conversion from 'int' to 'float', possible loss of data
c:\users\antha\documents\github\ambertowerdefense\ambertd\ambertd\gamemaster.cpp(167): warning C4244: 'argument': conversion from 'const float' to 'int', possible loss of data
c:\users\antha\documents\github\ambertowerdefense\ambertd\ambertd\gamemaster.cpp(173): warning C4018: '<': signed/unsigned mismatch
c:\users\antha\documents\github\ambertowerdefense\ambertd\ambertd\gamemaster.cpp(176): warning C4244: 'argument': conversion from 'int' to 'float', possible loss of data
c:\users\antha\documents\github\ambertowerdefense\ambertd\ambertd\gamemaster.cpp(206): warning C4018: '<': signed/unsigned mismatch
c:\users\antha\documents\github\ambertowerdefense\ambertd\ambertd\gamemaster.cpp(265): warning C4018: '<': signed/unsigned mismatch
c:\users\antha\documents\github\ambertowerdefense\ambertd\ambertd\gamemaster.cpp(273): warning C4018: '<': signed/unsigned mismatch
c:\users\antha\documents\github\ambertowerdefense\ambertd\ambertd\gamemaster.cpp(346): warning C4018: '<': signed/unsigned mismatch
c:\users\antha\documents\github\ambertowerdefense\ambertd\ambertd\gamemaster.cpp(358): warning C4018: '<': signed/unsigned mismatch
c:\users\antha\documents\github\ambertowerdefense\ambertd\ambertd\gamemaster.cpp(374): warning C4244: 'argument': conversion from 'const float' to 'int', possible loss of data
c:\users\antha\documents\github\ambertowerdefense\ambertd\ambertd\gamemaster.cpp(374): warning C4244: 'argument': conversion from 'float' to 'int', possible loss of data
c:\users\antha\documents\github\ambertowerdefense\ambertd\ambertd\gamemaster.cpp(380): warning C4244: 'argument': conversion from 'const float' to 'int', possible loss of data
c:\users\antha\documents\github\ambertowerdefense\ambertd\ambertd\gamemaster.cpp(380): warning C4244: 'argument': conversion from 'float' to 'int', possible loss of data
c:\users\antha\documents\github\ambertowerdefense\ambertd\ambertd\gamemaster.cpp(384): warning C4244: 'argument': conversion from 'const float' to 'int', possible loss of data
c:\users\antha\documents\github\ambertowerdefense\ambertd\ambertd\gamemaster.cpp(384): warning C4244: 'argument': conversion from 'float' to 'int', possible loss of data
c:\users\antha\documents\github\ambertowerdefense\ambertd\ambertd\gamemaster.cpp(406): warning C4018: '<': signed/unsigned mismatch
c:\users\antha\documents\github\ambertowerdefense\ambertd\ambertd\gamemaster.cpp(445): warning C4018: '<': signed/unsigned mismatch
c:\users\antha\documents\github\ambertowerdefense\ambertd\ambertd\gamemaster.cpp(449): warning C4018: '<': signed/unsigned mismatch
c:\users\antha\documents\github\ambertowerdefense\ambertd\ambertd\gamemaster.cpp(463): warning C4018: '<': signed/unsigned mismatch
c:\users\antha\documents\github\ambertowerdefense\ambertd\ambertd\gamemaster.cpp(466): warning C4018: '<': signed/unsigned mismatch
  GroundTile.cpp
c:\users\antha\documents\github\ambertowerdefense\ambertd\ambertd\groundtile.cpp(17): warning C4244: 'argument': conversion from 'int' to 'float', possible loss of data
  main.cpp
  Tower.cpp
c:\users\antha\documents\github\ambertowerdefense\ambertd\ambertd\tower.cpp(59): warning C4244: 'argument': conversion from 'int' to 'float', possible loss of data
c:\users\antha\documents\github\ambertowerdefense\ambertd\ambertd\tower.cpp(81): warning C4244: 'argument': conversion from 'int' to 'float', possible loss of data
c:\users\antha\documents\github\ambertowerdefense\ambertd\ambertd\tower.cpp(97): warning C4244: 'argument': conversion from 'int' to 'float', possible loss of data
  WorldBuilder.cpp
  Generating code
c:\users\antha\documents\github\ambertowerdefense\ambertd\ambertd\gamemaster.cpp(214): warning C4715: 'GameMaster::SearchInTowers': not all control paths return a value
  437 of 438 functions (99.8%) were compiled, the rest were copied from previous compilation.
    375 functions were new in current compilation
    0 functions had inline decision re-evaluated but remain unchanged
  Finished generating code
  AmberTD.vcxproj -> C:\Users\antha\Documents\GitHub\AmberTowerDefense\AmberTD\Release\AmberTD.exe
